build/app/intermediates/manifest_merge_blame_file/debug/manifest-merger-blame-debug-report.txt
1<?xml version="1.0" encoding="utf-8"?>
2<manifest xmlns:android="http://schemas.android.com/apk/res/android"
3    package="com.comeeathome"
4    android:versionCode="1"
5    android:versionName="3.0.0" >
6
7    <uses-sdk
8        android:minSdkVersion="22"
9        android:targetSdkVersion="33" />
10    <!--
11         Flutter needs it to communicate with the running application
12         to allow setting breakpoints, to provide hot reload, etc.
13    -->
14    <uses-permission android:name="android.permission.INTERNET" />
14-->src\main\AndroidManifest.xml:5:5-66
14-->src\main\AndroidManifest.xml:5:22-64
15    <uses-permission android:name="android.permission.ACCESS_FINE_LOCATION" />
15-->src\main\AndroidManifest.xml:6:5-78
15-->src\main\AndroidManifest.xml:6:22-76
16    <uses-permission android:name="android.permission.ACCESS_COARSE_LOCATION" />
16-->src\main\AndroidManifest.xml:7:5-80
16-->src\main\AndroidManifest.xml:7:22-78
17    <uses-permission android:name="android.permission.ACCESS_NETWORK_STATE" />
17-->src\main\AndroidManifest.xml:8:5-79
17-->src\main\AndroidManifest.xml:8:22-76
18    <uses-permission android:name="android.permission.READ_EXTERNAL_STORAGE" />
18-->src\main\AndroidManifest.xml:9:5-79
18-->src\main\AndroidManifest.xml:9:22-77
19    <uses-permission android:name="com.google.android.gms.permission.AD_ID" />
19-->src\main\AndroidManifest.xml:11:5-99
19-->src\main\AndroidManifest.xml:11:22-76
20    <uses-permission android:name="android.permission.WAKE_LOCK" /> <!-- Permissions options for the `notification` group -->
20-->[:firebase_messaging] AndroidManifest.xml:8:5-68
20-->[:firebase_messaging] AndroidManifest.xml:8:22-65
21    <uses-permission android:name="android.permission.POST_NOTIFICATIONS" />
21-->[:firebase_messaging] AndroidManifest.xml:11:5-77
21-->[:firebase_messaging] AndroidManifest.xml:11:22-74
22    <uses-permission android:name="android.permission.RECEIVE_BOOT_COMPLETED" />
22-->[:flutter_local_notifications] AndroidManifest.xml:7:5-81
22-->[:flutter_local_notifications] AndroidManifest.xml:7:22-78
23    <uses-permission android:name="android.permission.VIBRATE" />
23-->[:flutter_local_notifications] AndroidManifest.xml:8:5-66
23-->[:flutter_local_notifications] AndroidManifest.xml:8:22-63
24    <uses-permission android:name="android.permission.USE_FULL_SCREEN_INTENT" />
24-->[:flutter_local_notifications] AndroidManifest.xml:9:5-81
24-->[:flutter_local_notifications] AndroidManifest.xml:9:22-78
25    <uses-permission android:name="android.permission.SCHEDULE_EXACT_ALARM" />
25-->[:flutter_local_notifications] AndroidManifest.xml:10:5-79
25-->[:flutter_local_notifications] AndroidManifest.xml:10:22-76
26
27    <queries>
27-->[:file_picker] AndroidManifest.xml:9:5-15:15
28        <intent>
28-->[:file_picker] AndroidManifest.xml:10:9-14:18
29            <action android:name="android.intent.action.GET_CONTENT" />
29-->[:file_picker] AndroidManifest.xml:11:13-72
29-->[:file_picker] AndroidManifest.xml:11:21-69
30
31            <data android:mimeType="*/*" />
31-->[:file_picker] AndroidManifest.xml:13:13-44
31-->[:file_picker] AndroidManifest.xml:13:19-41
32        </intent>
33
34        <package android:name="com.facebook.katana" /> <!-- Added to check the default browser that will host the AuthFlow. -->
34-->[com.facebook.android:facebook-common:16.0.1] AndroidManifest.xml:18:9-55
34-->[com.facebook.android:facebook-common:16.0.1] AndroidManifest.xml:18:18-52
35        <intent>
35-->[com.stripe:financial-connections:20.12.0] AndroidManifest.xml:15:9-19:18
36            <action android:name="android.intent.action.VIEW" />
36-->[com.facebook.android:facebook-common:16.0.1] AndroidManifest.xml:32:17-69
36-->[com.facebook.android:facebook-common:16.0.1] AndroidManifest.xml:32:25-66
37
38            <data android:scheme="http" />
38-->[:file_picker] AndroidManifest.xml:13:13-44
39        </intent> <!-- Added to check if Chrome is installed for browser-based payment authentication (e.g. 3DS1). -->
40        <package android:name="com.android.chrome" /> <!-- Needs to be explicitly declared on Android R+ -->
40-->[com.stripe:payments-core:20.12.0] AndroidManifest.xml:13:9-54
40-->[com.stripe:payments-core:20.12.0] AndroidManifest.xml:13:18-51
41        <package android:name="com.google.android.apps.maps" />
41-->[com.google.android.gms:play-services-maps:18.0.2] AndroidManifest.xml:33:9-64
41-->[com.google.android.gms:play-services-maps:18.0.2] AndroidManifest.xml:33:18-61
42    </queries>
43
44    <uses-feature
44-->[com.google.android.gms:play-services-maps:18.0.2] AndroidManifest.xml:26:5-28:35
45        android:glEsVersion="0x00020000"
45-->[com.google.android.gms:play-services-maps:18.0.2] AndroidManifest.xml:27:9-41
46        android:required="true" /> <!-- Required by older versions of Google Play services to create IID tokens -->
46-->[com.google.android.gms:play-services-maps:18.0.2] AndroidManifest.xml:28:9-32
47    <uses-permission android:name="com.google.android.c2dm.permission.RECEIVE" />
47-->[com.google.firebase:firebase-messaging:23.3.1] AndroidManifest.xml:26:5-82
47-->[com.google.firebase:firebase-messaging:23.3.1] AndroidManifest.xml:26:22-79
48    <uses-permission android:name="android.permission.ACCESS_ADSERVICES_ATTRIBUTION" />
48-->[com.google.android.gms:play-services-measurement-api:21.5.0] AndroidManifest.xml:26:5-88
48-->[com.google.android.gms:play-services-measurement-api:21.5.0] AndroidManifest.xml:26:22-85
49    <uses-permission android:name="android.permission.ACCESS_ADSERVICES_AD_ID" />
49-->[com.google.android.gms:play-services-measurement-api:21.5.0] AndroidManifest.xml:27:5-82
49-->[com.google.android.gms:play-services-measurement-api:21.5.0] AndroidManifest.xml:27:22-79
50    <uses-permission android:name="com.google.android.finsky.permission.BIND_GET_INSTALL_REFERRER_SERVICE" />
50-->[com.google.android.gms:play-services-measurement:21.5.0] AndroidManifest.xml:26:5-110
50-->[com.google.android.gms:play-services-measurement:21.5.0] AndroidManifest.xml:26:22-107
51
52    <permission
52-->[androidx.core:core:1.10.1] AndroidManifest.xml:22:5-24:47
53        android:name="com.comeeathome.DYNAMIC_RECEIVER_NOT_EXPORTED_PERMISSION"
53-->[androidx.core:core:1.10.1] AndroidManifest.xml:23:9-81
54        android:protectionLevel="signature" />
54-->[androidx.core:core:1.10.1] AndroidManifest.xml:24:9-44
55
56    <uses-permission android:name="com.comeeathome.DYNAMIC_RECEIVER_NOT_EXPORTED_PERMISSION" />
56-->[androidx.core:core:1.10.1] AndroidManifest.xml:26:5-97
56-->[androidx.core:core:1.10.1] AndroidManifest.xml:26:22-94
57    <!--
58 io.flutter.app.FlutterApplication is an android.app.Application that
59         calls FlutterMain.startInitialization(this); in its onCreate method.
60         In most cases you can leave this as-is, but you if you want to provide
61         additional functionality it is fine to subclass or reimplement
62         FlutterApplication and put your custom class here.
63    -->
64    <application
65        android:name="android.app.Application"
66        android:appComponentFactory="androidx.core.app.CoreComponentFactory"
66-->[androidx.core:core:1.10.1] AndroidManifest.xml:28:18-86
67        android:debuggable="true"
68        android:icon="@mipmap/ic_launcher"
69        android:label="Eat At Home"
70        android:supportsRtl="true" >
70-->[com.facebook.android:facebook-login:16.0.1] AndroidManifest.xml:16:18-44
71
72        <!--
73            <meta-data android:name="com.google.android.geo.API_KEY"
74                   android:value="AIzaSyDdyth2EiAjU9m9eE_obC5fnTY1yeVNTJU"/>
75        -->
76
77        <meta-data
78            android:name="com.google.android.geo.API_KEY"
79            android:value="AIzaSyBQt-bwom5Z3fnNee4eLwca7RZWtkzi_SM" />
80        <meta-data
81            android:name="com.google.firebase.messaging.default_notification_icon"
82            android:resource="@mipmap/ic_notification" />
83
84        <activity
85            android:name="com.comeeathome.MainActivity"
86            android:configChanges="orientation|keyboardHidden|keyboard|screenSize|smallestScreenSize|locale|layoutDirection|fontScale|screenLayout|density|uiMode"
87            android:exported="true"
88            android:hardwareAccelerated="true"
89            android:launchMode="singleTop"
90            android:theme="@style/LaunchTheme"
91            android:windowSoftInputMode="adjustResize" >
92
93            <!--
94                 Specifies an Android theme to apply to this Activity as soon as
95                 the Android process has started. This theme is visible to the user
96                 while the Flutter UI initializes. After that, this theme continues
97                 to determine the Window background behind the Flutter UI.
98            -->
99            <meta-data
100                android:name="io.flutter.embedding.android.NormalTheme"
101                android:resource="@style/NormalTheme" />
102
103            <intent-filter>
104                <action android:name="android.intent.action.MAIN" />
105
106                <category android:name="android.intent.category.LAUNCHER" />
107            </intent-filter>
108        </activity>
109
110        <provider
111            android:name="androidx.core.content.FileProvider"
112            android:authorities="com.comeeathome"
113            android:exported="false"
114            android:grantUriPermissions="true" >
115            <meta-data
115-->[:share] AndroidManifest.xml:13:13-15:68
116                android:name="android.support.FILE_PROVIDER_PATHS"
116-->[:share] AndroidManifest.xml:14:17-67
117                android:resource="@xml/freshchat_file_provider_paths" />
117-->[:share] AndroidManifest.xml:15:17-65
118        </provider>
119        <!--
120             Don't delete the meta-data below.
121             This is used by the Flutter tool to generate GeneratedPluginRegistrant.java
122        -->
123        <meta-data
124            android:name="flutterEmbedding"
125            android:value="2" />
126        <meta-data
127            android:name="com.google.firebase.messaging.default_notification_channel_id "
128            android:value="high_importance_channel" />
129        <meta-data
130            android:name="com.facebook.sdk.ApplicationId"
131            android:value="@string/facebook_app_id" />
132        <meta-data
133            android:name="com.facebook.sdk.ClientToken"
134            android:value="@string/facebook_client_token" />
135
136        <activity
137            android:name="com.facebook.FacebookActivity"
138            android:configChanges="keyboard|keyboardHidden|screenLayout|screenSize|orientation"
139            android:exported="false"
140            android:label="@string/app_name"
141            android:theme="@style/com_facebook_activity_theme" />
141-->[com.facebook.android:facebook-common:16.0.1] AndroidManifest.xml:25:13-63
142        <activity
143            android:name="com.facebook.CustomTabActivity"
144            android:exported="true" >
145            <intent-filter>
146                <action android:name="android.intent.action.VIEW" />
146-->[com.facebook.android:facebook-common:16.0.1] AndroidManifest.xml:32:17-69
146-->[com.facebook.android:facebook-common:16.0.1] AndroidManifest.xml:32:25-66
147
148                <category android:name="android.intent.category.DEFAULT" />
148-->[com.facebook.android:facebook-common:16.0.1] AndroidManifest.xml:34:17-76
148-->[com.facebook.android:facebook-common:16.0.1] AndroidManifest.xml:34:27-73
149                <category android:name="android.intent.category.BROWSABLE" />
149-->[com.facebook.android:facebook-common:16.0.1] AndroidManifest.xml:35:17-78
149-->[com.facebook.android:facebook-common:16.0.1] AndroidManifest.xml:35:27-75
150
151                <data android:scheme="@string/fb_login_protocol_scheme" />
151-->[:file_picker] AndroidManifest.xml:13:13-44
152            </intent-filter>
153            <intent-filter>
153-->[com.facebook.android:facebook-common:16.0.1] AndroidManifest.xml:31:13-40:29
154                <action android:name="android.intent.action.VIEW" />
154-->[com.facebook.android:facebook-common:16.0.1] AndroidManifest.xml:32:17-69
154-->[com.facebook.android:facebook-common:16.0.1] AndroidManifest.xml:32:25-66
155
156                <category android:name="android.intent.category.DEFAULT" />
156-->[com.facebook.android:facebook-common:16.0.1] AndroidManifest.xml:34:17-76
156-->[com.facebook.android:facebook-common:16.0.1] AndroidManifest.xml:34:27-73
157                <category android:name="android.intent.category.BROWSABLE" />
157-->[com.facebook.android:facebook-common:16.0.1] AndroidManifest.xml:35:17-78
157-->[com.facebook.android:facebook-common:16.0.1] AndroidManifest.xml:35:27-75
158
159                <data
159-->[:file_picker] AndroidManifest.xml:13:13-44
160                    android:host="cct.com.comeeathome"
161                    android:scheme="fbconnect" />
162            </intent-filter>
163        </activity>
164
165        <service
165-->[:firebase_messaging] AndroidManifest.xml:14:9-17:72
166            android:name="io.flutter.plugins.firebase.messaging.FlutterFirebaseMessagingBackgroundService"
166-->[:firebase_messaging] AndroidManifest.xml:15:13-107
167            android:exported="false"
167-->[:firebase_messaging] AndroidManifest.xml:16:13-37
168            android:permission="android.permission.BIND_JOB_SERVICE" />
168-->[:firebase_messaging] AndroidManifest.xml:17:13-69
169        <service
169-->[:firebase_messaging] AndroidManifest.xml:18:9-24:19
170            android:name="io.flutter.plugins.firebase.messaging.FlutterFirebaseMessagingService"
170-->[:firebase_messaging] AndroidManifest.xml:19:13-97
171            android:exported="false" >
171-->[:firebase_messaging] AndroidManifest.xml:20:13-37
172            <intent-filter>
172-->[:firebase_messaging] AndroidManifest.xml:21:13-23:29
173                <action android:name="com.google.firebase.MESSAGING_EVENT" />
173-->[:firebase_messaging] AndroidManifest.xml:22:17-78
173-->[:firebase_messaging] AndroidManifest.xml:22:25-75
174            </intent-filter>
175        </service>
176
177        <receiver
177-->[:firebase_messaging] AndroidManifest.xml:26:9-33:20
178            android:name="io.flutter.plugins.firebase.messaging.FlutterFirebaseMessagingReceiver"
178-->[:firebase_messaging] AndroidManifest.xml:27:13-98
179            android:exported="true"
179-->[:firebase_messaging] AndroidManifest.xml:28:13-36
180            android:permission="com.google.android.c2dm.permission.SEND" >
180-->[:firebase_messaging] AndroidManifest.xml:29:13-73
181            <intent-filter>
181-->[:firebase_messaging] AndroidManifest.xml:30:13-32:29
182                <action android:name="com.google.android.c2dm.intent.RECEIVE" />
182-->[:firebase_messaging] AndroidManifest.xml:31:17-81
182-->[:firebase_messaging] AndroidManifest.xml:31:25-78
183            </intent-filter>
184        </receiver>
185
186        <service
186-->[:firebase_messaging] AndroidManifest.xml:35:9-39:19
187            android:name="com.google.firebase.components.ComponentDiscoveryService"
187-->[:firebase_messaging] AndroidManifest.xml:35:18-89
188            android:directBootAware="true"
188-->[com.google.firebase:firebase-common:20.4.2] AndroidManifest.xml:32:13-43
189            android:exported="false" >
189-->[com.google.firebase:firebase-auth:22.2.0] AndroidManifest.xml:68:13-37
190            <meta-data
190-->[:firebase_messaging] AndroidManifest.xml:36:13-38:85
191                android:name="com.google.firebase.components:io.flutter.plugins.firebase.messaging.FlutterFirebaseAppRegistrar"
191-->[:firebase_messaging] AndroidManifest.xml:37:17-128
192                android:value="com.google.firebase.components.ComponentRegistrar" />
192-->[:firebase_messaging] AndroidManifest.xml:38:17-82
193            <meta-data
193-->[:cloud_firestore] AndroidManifest.xml:9:13-11:85
194                android:name="com.google.firebase.components:io.flutter.plugins.firebase.firestore.FlutterFirebaseFirestoreRegistrar"
194-->[:cloud_firestore] AndroidManifest.xml:10:17-134
195                android:value="com.google.firebase.components.ComponentRegistrar" />
195-->[:cloud_firestore] AndroidManifest.xml:11:17-82
196            <meta-data
196-->[:firebase_auth] AndroidManifest.xml:9:13-11:85
197                android:name="com.google.firebase.components:io.flutter.plugins.firebase.auth.FlutterFirebaseAuthRegistrar"
197-->[:firebase_auth] AndroidManifest.xml:10:17-124
198                android:value="com.google.firebase.components.ComponentRegistrar" />
198-->[:firebase_auth] AndroidManifest.xml:11:17-82
199            <meta-data
199-->[:firebase_core] AndroidManifest.xml:9:13-11:85
200                android:name="com.google.firebase.components:io.flutter.plugins.firebase.core.FlutterFirebaseCoreRegistrar"
200-->[:firebase_core] AndroidManifest.xml:10:17-124
201                android:value="com.google.firebase.components.ComponentRegistrar" />
201-->[:firebase_core] AndroidManifest.xml:11:17-82
202            <meta-data
202-->[com.google.firebase:firebase-auth:22.2.0] AndroidManifest.xml:69:13-71:85
203                android:name="com.google.firebase.components:com.google.firebase.auth.FirebaseAuthRegistrar"
203-->[com.google.firebase:firebase-auth:22.2.0] AndroidManifest.xml:70:17-109
204                android:value="com.google.firebase.components.ComponentRegistrar" />
204-->[com.google.firebase:firebase-auth:22.2.0] AndroidManifest.xml:71:17-82
205            <meta-data
205-->[com.google.firebase:firebase-firestore:24.9.1] AndroidManifest.xml:17:13-19:85
206                android:name="com.google.firebase.components:com.google.firebase.firestore.FirebaseFirestoreKtxRegistrar"
206-->[com.google.firebase:firebase-firestore:24.9.1] AndroidManifest.xml:18:17-122
207                android:value="com.google.firebase.components.ComponentRegistrar" />
207-->[com.google.firebase:firebase-firestore:24.9.1] AndroidManifest.xml:19:17-82
208            <meta-data
208-->[com.google.firebase:firebase-firestore:24.9.1] AndroidManifest.xml:20:13-22:85
209                android:name="com.google.firebase.components:com.google.firebase.firestore.FirestoreRegistrar"
209-->[com.google.firebase:firebase-firestore:24.9.1] AndroidManifest.xml:21:17-111
210                android:value="com.google.firebase.components.ComponentRegistrar" />
210-->[com.google.firebase:firebase-firestore:24.9.1] AndroidManifest.xml:22:17-82
211            <meta-data
211-->[com.google.firebase:firebase-messaging:23.3.1] AndroidManifest.xml:57:13-59:85
212                android:name="com.google.firebase.components:com.google.firebase.messaging.FirebaseMessagingKtxRegistrar"
212-->[com.google.firebase:firebase-messaging:23.3.1] AndroidManifest.xml:58:17-122
213                android:value="com.google.firebase.components.ComponentRegistrar" />
213-->[com.google.firebase:firebase-messaging:23.3.1] AndroidManifest.xml:59:17-82
214            <meta-data
214-->[com.google.firebase:firebase-messaging:23.3.1] AndroidManifest.xml:60:13-62:85
215                android:name="com.google.firebase.components:com.google.firebase.messaging.FirebaseMessagingRegistrar"
215-->[com.google.firebase:firebase-messaging:23.3.1] AndroidManifest.xml:61:17-119
216                android:value="com.google.firebase.components.ComponentRegistrar" />
216-->[com.google.firebase:firebase-messaging:23.3.1] AndroidManifest.xml:62:17-82
217            <meta-data
217-->[com.google.firebase:firebase-iid:21.1.0] AndroidManifest.xml:32:13-34:85
218                android:name="com.google.firebase.components:com.google.firebase.iid.Registrar"
218-->[com.google.firebase:firebase-iid:21.1.0] AndroidManifest.xml:33:17-96
219                android:value="com.google.firebase.components.ComponentRegistrar" />
219-->[com.google.firebase:firebase-iid:21.1.0] AndroidManifest.xml:34:17-82
220            <meta-data
220-->[com.google.android.gms:play-services-measurement-api:21.5.0] AndroidManifest.xml:37:13-39:85
221                android:name="com.google.firebase.components:com.google.firebase.analytics.connector.internal.AnalyticsConnectorRegistrar"
221-->[com.google.android.gms:play-services-measurement-api:21.5.0] AndroidManifest.xml:38:17-139
222                android:value="com.google.firebase.components.ComponentRegistrar" />
222-->[com.google.android.gms:play-services-measurement-api:21.5.0] AndroidManifest.xml:39:17-82
223            <meta-data
223-->[com.google.firebase:firebase-installations:17.2.0] AndroidManifest.xml:15:13-17:85
224                android:name="com.google.firebase.components:com.google.firebase.installations.FirebaseInstallationsKtxRegistrar"
224-->[com.google.firebase:firebase-installations:17.2.0] AndroidManifest.xml:16:17-130
225                android:value="com.google.firebase.components.ComponentRegistrar" />
225-->[com.google.firebase:firebase-installations:17.2.0] AndroidManifest.xml:17:17-82
226            <meta-data
226-->[com.google.firebase:firebase-installations:17.2.0] AndroidManifest.xml:18:13-20:85
227                android:name="com.google.firebase.components:com.google.firebase.installations.FirebaseInstallationsRegistrar"
227-->[com.google.firebase:firebase-installations:17.2.0] AndroidManifest.xml:19:17-127
228                android:value="com.google.firebase.components.ComponentRegistrar" />
228-->[com.google.firebase:firebase-installations:17.2.0] AndroidManifest.xml:20:17-82
229            <meta-data
229-->[com.google.firebase:firebase-common-ktx:20.4.2] AndroidManifest.xml:12:13-14:85
230                android:name="com.google.firebase.components:com.google.firebase.ktx.FirebaseCommonLegacyRegistrar"
230-->[com.google.firebase:firebase-common-ktx:20.4.2] AndroidManifest.xml:13:17-116
231                android:value="com.google.firebase.components.ComponentRegistrar" />
231-->[com.google.firebase:firebase-common-ktx:20.4.2] AndroidManifest.xml:14:17-82
232            <meta-data
232-->[com.google.firebase:firebase-common:20.4.2] AndroidManifest.xml:35:13-37:85
233                android:name="com.google.firebase.components:com.google.firebase.FirebaseCommonKtxRegistrar"
233-->[com.google.firebase:firebase-common:20.4.2] AndroidManifest.xml:36:17-109
234                android:value="com.google.firebase.components.ComponentRegistrar" />
234-->[com.google.firebase:firebase-common:20.4.2] AndroidManifest.xml:37:17-82
235            <meta-data
235-->[com.google.firebase:firebase-datatransport:18.1.7] AndroidManifest.xml:27:13-29:85
236                android:name="com.google.firebase.components:com.google.firebase.datatransport.TransportRegistrar"
236-->[com.google.firebase:firebase-datatransport:18.1.7] AndroidManifest.xml:28:17-115
237                android:value="com.google.firebase.components.ComponentRegistrar" />
237-->[com.google.firebase:firebase-datatransport:18.1.7] AndroidManifest.xml:29:17-82
238        </service>
239
240        <provider
240-->[:firebase_messaging] AndroidManifest.xml:41:9-45:38
241            android:name="io.flutter.plugins.firebase.messaging.FlutterFirebaseMessagingInitProvider"
241-->[:firebase_messaging] AndroidManifest.xml:42:13-102
242            android:authorities="com.comeeathome.flutterfirebasemessaginginitprovider"
242-->[:firebase_messaging] AndroidManifest.xml:43:13-88
243            android:exported="false"
243-->[:firebase_messaging] AndroidManifest.xml:44:13-37
244            android:initOrder="99" />
244-->[:firebase_messaging] AndroidManifest.xml:45:13-35
245
246        <service
246-->[:geolocator_android] AndroidManifest.xml:8:9-12:56
247            android:name="com.baseflow.geolocator.GeolocatorLocationService"
247-->[:geolocator_android] AndroidManifest.xml:9:13-77
248            android:enabled="true"
248-->[:geolocator_android] AndroidManifest.xml:10:13-35
249            android:exported="false"
249-->[:geolocator_android] AndroidManifest.xml:11:13-37
250            android:foregroundServiceType="location" />
250-->[:geolocator_android] AndroidManifest.xml:12:13-53
251
252        <receiver
252-->[:flutter_local_notifications] AndroidManifest.xml:14:9-16:40
253            android:name="com.dexterous.flutterlocalnotifications.ActionBroadcastReceiver"
253-->[:flutter_local_notifications] AndroidManifest.xml:15:13-91
254            android:exported="false" />
254-->[:flutter_local_notifications] AndroidManifest.xml:16:13-37
255        <receiver
255-->[:flutter_local_notifications] AndroidManifest.xml:17:9-19:40
256            android:name="com.dexterous.flutterlocalnotifications.ScheduledNotificationReceiver"
256-->[:flutter_local_notifications] AndroidManifest.xml:18:13-97
257            android:exported="false" />
257-->[:flutter_local_notifications] AndroidManifest.xml:19:13-37
258        <receiver
258-->[:flutter_local_notifications] AndroidManifest.xml:20:9-29:20
259            android:name="com.dexterous.flutterlocalnotifications.ScheduledNotificationBootReceiver"
259-->[:flutter_local_notifications] AndroidManifest.xml:21:13-101
260            android:exported="false" >
260-->[:flutter_local_notifications] AndroidManifest.xml:22:13-37
261            <intent-filter>
261-->[:flutter_local_notifications] AndroidManifest.xml:23:13-28:29
262                <action android:name="android.intent.action.BOOT_COMPLETED" />
262-->[:flutter_local_notifications] AndroidManifest.xml:24:17-79
262-->[:flutter_local_notifications] AndroidManifest.xml:24:25-76
263                <action android:name="android.intent.action.MY_PACKAGE_REPLACED" />
263-->[:flutter_local_notifications] AndroidManifest.xml:25:17-84
263-->[:flutter_local_notifications] AndroidManifest.xml:25:25-81
264                <action android:name="android.intent.action.QUICKBOOT_POWERON" />
264-->[:flutter_local_notifications] AndroidManifest.xml:26:17-82
264-->[:flutter_local_notifications] AndroidManifest.xml:26:25-79
265                <action android:name="com.htc.intent.action.QUICKBOOT_POWERON" />
265-->[:flutter_local_notifications] AndroidManifest.xml:27:17-82
265-->[:flutter_local_notifications] AndroidManifest.xml:27:25-79
266            </intent-filter>
267        </receiver>
268
269        <provider
269-->[:share] AndroidManifest.xml:8:9-16:20
270            android:name="io.flutter.plugins.share.ShareFileProvider"
270-->[:share] AndroidManifest.xml:9:13-70
271            android:authorities="com.comeeathome.flutter.share_provider"
271-->[:share] AndroidManifest.xml:10:13-74
272            android:exported="false"
272-->[:share] AndroidManifest.xml:11:13-37
273            android:grantUriPermissions="true" >
273-->[:share] AndroidManifest.xml:12:13-47
274            <meta-data
274-->[:share] AndroidManifest.xml:13:13-15:68
275                android:name="android.support.FILE_PROVIDER_PATHS"
275-->[:share] AndroidManifest.xml:14:17-67
276                android:resource="@xml/flutter_share_file_paths" />
276-->[:share] AndroidManifest.xml:15:17-65
277        </provider>
278        <provider
278-->[:image_picker_android] AndroidManifest.xml:8:9-16:20
279            android:name="io.flutter.plugins.imagepicker.ImagePickerFileProvider"
279-->[:image_picker_android] AndroidManifest.xml:9:13-82
280            android:authorities="com.comeeathome.flutter.image_provider"
280-->[:image_picker_android] AndroidManifest.xml:10:13-74
281            android:exported="false"
281-->[:image_picker_android] AndroidManifest.xml:11:13-37
282            android:grantUriPermissions="true" >
282-->[:image_picker_android] AndroidManifest.xml:12:13-47
283            <meta-data
283-->[:share] AndroidManifest.xml:13:13-15:68
284                android:name="android.support.FILE_PROVIDER_PATHS"
284-->[:share] AndroidManifest.xml:14:17-67
285                android:resource="@xml/flutter_image_picker_file_paths" />
285-->[:share] AndroidManifest.xml:15:17-65
286        </provider>
287
288        <activity
288-->[:url_launcher_android] AndroidManifest.xml:8:9-11:74
289            android:name="io.flutter.plugins.urllauncher.WebViewActivity"
289-->[:url_launcher_android] AndroidManifest.xml:9:13-74
290            android:exported="false"
290-->[:url_launcher_android] AndroidManifest.xml:10:13-37
291            android:theme="@android:style/Theme.NoTitleBar.Fullscreen" />
291-->[:url_launcher_android] AndroidManifest.xml:11:13-71
292
293        <service
293-->[:location] AndroidManifest.xml:11:9-15:56
294            android:name="com.lyokone.location.FlutterLocationService"
294-->[:location] AndroidManifest.xml:12:13-71
295            android:enabled="true"
295-->[:location] AndroidManifest.xml:13:13-35
296            android:exported="false"
296-->[:location] AndroidManifest.xml:14:13-37
297            android:foregroundServiceType="location" />
297-->[:location] AndroidManifest.xml:15:13-53
298
299        <activity android:name="com.facebook.CustomTabMainActivity" />
299-->[com.facebook.android:facebook-common:16.0.1] AndroidManifest.xml:26:9-71
299-->[com.facebook.android:facebook-common:16.0.1] AndroidManifest.xml:26:19-68
300        <activity
300-->[com.github.freshworks:freshchat-android:6.2.1] AndroidManifest.xml:22:9-24:68
301            android:name="com.freshchat.consumer.sdk.activity.ChannelListActivity"
301-->[com.github.freshworks:freshchat-android:6.2.1] AndroidManifest.xml:23:13-83
302            android:theme="@style/Theme.Freshchat.SelectedTheme" />
302-->[com.github.freshworks:freshchat-android:6.2.1] AndroidManifest.xml:24:13-65
303        <activity
303-->[com.github.freshworks:freshchat-android:6.2.1] AndroidManifest.xml:25:9-29:57
304            android:name="com.freshchat.consumer.sdk.activity.ConversationDetailActivity"
304-->[com.github.freshworks:freshchat-android:6.2.1] AndroidManifest.xml:26:13-90
305            android:configChanges="orientation|screenSize|screenLayout"